<?xml version="1.0" encoding="UTF-8"?>
<!-- Generated by org.testng.reporters.JUnitXMLReporter -->
<testsuite ignored="0" hostname="DESKTOP-NPK11H1" failures="0" tests="3" name="Test" time="67.527" errors="0" timestamp="2022-12-06T09:51:31 GMT">
  <testcase classname="com.OrangeHRM.PIMTests.AddEmployeeTest" name="addNewEmployee" time="12.012"/>
  <testcase classname="com.OrangeHRM.PIMTests.AddEmployeeTest" name="addNewEmployee" time="11.949"/>
  <testcase classname="com.OrangeHRM.PIMTests.AddEmployeeTest" name="addNewEmployee" time="11.62"/>
</testsuite> <!-- Test -->
