<?xml version="1.0" encoding="UTF-8"?>
<testsuite xmlns:xsi="http://www.w3.org/2001/XMLSchema-instance" xsi:noNamespaceSchemaLocation="https://maven.apache.org/surefire/maven-surefire-plugin/xsd/surefire-test-report.xsd" name="TestSuite" time="1.251" tests="76" errors="0" skipped="53" failures="23">
  <properties>
[...]
</properties>
  <testcase name="setup" classname="com.OrangeHRM.LeaveTests.ApplyLeaveTest" time="0.495">
    <failure message="&#10;Parameter &apos;browser&apos; is required by BeforeMethod on method setup but has not been marked @Optional or defined&#10;" type="org.testng.TestNGException">org.testng.TestNGException: 

Parameter 'browser' is required by BeforeMethod on method setup but has not been marked @Optional or defined

</failure>
    <system-out><![CDATA[log4j: reset attribute= "false".
log4j: Threshold ="null".
log4j: Level value for root is  [debug].
log4j: root level set to DEBUG
log4j: Class name: [org.apache.log4j.ConsoleAppender]
log4j: Setting property [target] to [System.out].
log4j: Parsing layout of class: "org.apache.log4j.PatternLayout"
log4j: Setting property [conversionPattern] to [%d{yyyy-MM-dd HH:mm:ss} %-5p %c{1}:%L - %m%n].
log4j: Adding appender named [console] to category [root].
log4j: Class name: [org.apache.log4j.RollingFileAppender]
log4j: Setting property [file] to [Logs/log4j.log].
log4j: Parsing layout of class: "org.apache.log4j.PatternLayout"
log4j: Setting property [conversionPattern] to [%d{yyyy-MM-dd HH:mm:ss} %-5p %c{1}:%L - %m%n].
log4j: setFile called: Logs/log4j.log, true
log4j: setFile ended
log4j: Adding appender named [fileAppender] to category [root].
]]></system-out>
  </testcase>
  <testcase name="loginTest" classname="com.OrangeHRM.LeaveTests.ApplyLeaveTest" time="0">
    <skipped message="&#10;Parameter &apos;browser&apos; is required by BeforeMethod on method setup but has not been marked @Optional or defined&#10;"/>
  </testcase>
  <testcase name="tearDown" classname="com.OrangeHRM.LeaveTests.ApplyLeaveTest" time="0">
    <skipped/>
  </testcase>
  <testcase name="setup" classname="com.OrangeHRM.LeaveTests.AssignLeaveTest" time="0.002">
    <failure message="&#10;Parameter &apos;browser&apos; is required by BeforeMethod on method setup but has not been marked @Optional or defined&#10;" type="org.testng.TestNGException">org.testng.TestNGException: 

Parameter 'browser' is required by BeforeMethod on method setup but has not been marked @Optional or defined

</failure>
  </testcase>
  <testcase name="loginTest" classname="com.OrangeHRM.LeaveTests.AssignLeaveTest" time="0">
    <skipped message="&#10;Parameter &apos;browser&apos; is required by BeforeMethod on method setup but has not been marked @Optional or defined&#10;"/>
  </testcase>
  <testcase name="tearDown" classname="com.OrangeHRM.LeaveTests.AssignLeaveTest" time="0">
    <skipped/>
  </testcase>
  <testcase name="setup" classname="com.OrangeHRM.LeaveTests.ConfigureTest" time="0">
    <failure message="&#10;Parameter &apos;browser&apos; is required by BeforeMethod on method setup but has not been marked @Optional or defined&#10;" type="org.testng.TestNGException">org.testng.TestNGException: 

Parameter 'browser' is required by BeforeMethod on method setup but has not been marked @Optional or defined

</failure>
  </testcase>
  <testcase name="loginTest" classname="com.OrangeHRM.LeaveTests.ConfigureTest" time="0">
    <skipped message="&#10;Parameter &apos;browser&apos; is required by BeforeMethod on method setup but has not been marked @Optional or defined&#10;"/>
  </testcase>
  <testcase name="tearDown" classname="com.OrangeHRM.LeaveTests.ConfigureTest" time="0">
    <skipped/>
  </testcase>
  <testcase name="setup" classname="com.OrangeHRM.LeaveTests.EntitlementTest" time="0.001">
    <failure message="&#10;Parameter &apos;browser&apos; is required by BeforeMethod on method setup but has not been marked @Optional or defined&#10;" type="org.testng.TestNGException">org.testng.TestNGException: 

Parameter 'browser' is required by BeforeMethod on method setup but has not been marked @Optional or defined

</failure>
  </testcase>
  <testcase name="loginTest" classname="com.OrangeHRM.LeaveTests.EntitlementTest" time="0">
    <skipped message="&#10;Parameter &apos;browser&apos; is required by BeforeMethod on method setup but has not been marked @Optional or defined&#10;"/>
  </testcase>
  <testcase name="tearDown" classname="com.OrangeHRM.LeaveTests.EntitlementTest" time="0">
    <skipped/>
  </testcase>
  <testcase name="setup" classname="com.OrangeHRM.LeaveTests.LeaveListTest" time="0">
    <failure message="&#10;Parameter &apos;browser&apos; is required by BeforeMethod on method setup but has not been marked @Optional or defined&#10;" type="org.testng.TestNGException">org.testng.TestNGException: 

Parameter 'browser' is required by BeforeMethod on method setup but has not been marked @Optional or defined

</failure>
  </testcase>
  <testcase name="loginTest" classname="com.OrangeHRM.LeaveTests.LeaveListTest" time="0">
    <skipped message="&#10;Parameter &apos;browser&apos; is required by BeforeMethod on method setup but has not been marked @Optional or defined&#10;"/>
  </testcase>
  <testcase name="tearDown" classname="com.OrangeHRM.LeaveTests.LeaveListTest" time="0">
    <skipped/>
  </testcase>
  <testcase name="setup" classname="com.OrangeHRM.LeaveTests.MyLeaveListTest" time="0.001">
    <failure message="&#10;Parameter &apos;browser&apos; is required by BeforeMethod on method setup but has not been marked @Optional or defined&#10;" type="org.testng.TestNGException">org.testng.TestNGException: 

Parameter 'browser' is required by BeforeMethod on method setup but has not been marked @Optional or defined

</failure>
  </testcase>
  <testcase name="loginTest" classname="com.OrangeHRM.LeaveTests.MyLeaveListTest" time="0">
    <skipped message="&#10;Parameter &apos;browser&apos; is required by BeforeMethod on method setup but has not been marked @Optional or defined&#10;"/>
  </testcase>
  <testcase name="tearDown" classname="com.OrangeHRM.LeaveTests.MyLeaveListTest" time="0">
    <skipped/>
  </testcase>
  <testcase name="setup" classname="com.OrangeHRM.LeaveTests.ReportTest" time="0">
    <failure message="&#10;Parameter &apos;browser&apos; is required by BeforeMethod on method setup but has not been marked @Optional or defined&#10;" type="org.testng.TestNGException">org.testng.TestNGException: 

Parameter 'browser' is required by BeforeMethod on method setup but has not been marked @Optional or defined

</failure>
  </testcase>
  <testcase name="loginTest" classname="com.OrangeHRM.LeaveTests.ReportTest" time="0">
    <skipped message="&#10;Parameter &apos;browser&apos; is required by BeforeMethod on method setup but has not been marked @Optional or defined&#10;"/>
  </testcase>
  <testcase name="tearDown" classname="com.OrangeHRM.LeaveTests.ReportTest" time="0">
    <skipped/>
  </testcase>
  <testcase name="setup" classname="com.OrangeHRM.MyInfoTests.ContactDetailsTest" time="0.001">
    <failure message="&#10;Parameter &apos;browser&apos; is required by BeforeMethod on method setup but has not been marked @Optional or defined&#10;" type="org.testng.TestNGException">org.testng.TestNGException: 

Parameter 'browser' is required by BeforeMethod on method setup but has not been marked @Optional or defined

</failure>
  </testcase>
  <testcase name="loginTest" classname="com.OrangeHRM.MyInfoTests.ContactDetailsTest" time="0">
    <skipped message="&#10;Parameter &apos;browser&apos; is required by BeforeMethod on method setup but has not been marked @Optional or defined&#10;"/>
  </testcase>
  <testcase name="tearDown" classname="com.OrangeHRM.MyInfoTests.ContactDetailsTest" time="0">
    <skipped/>
  </testcase>
  <testcase name="setup" classname="com.OrangeHRM.MyInfoTests.DependentsTest" time="0">
    <failure message="&#10;Parameter &apos;browser&apos; is required by BeforeMethod on method setup but has not been marked @Optional or defined&#10;" type="org.testng.TestNGException">org.testng.TestNGException: 

Parameter 'browser' is required by BeforeMethod on method setup but has not been marked @Optional or defined

</failure>
  </testcase>
  <testcase name="loginTest" classname="com.OrangeHRM.MyInfoTests.DependentsTest" time="0">
    <skipped message="&#10;Parameter &apos;browser&apos; is required by BeforeMethod on method setup but has not been marked @Optional or defined&#10;"/>
  </testcase>
  <testcase name="tearDown" classname="com.OrangeHRM.MyInfoTests.DependentsTest" time="0">
    <skipped/>
  </testcase>
  <testcase name="setup" classname="com.OrangeHRM.MyInfoTests.EmergencyContactsTest" time="0.001">
    <failure message="&#10;Parameter &apos;browser&apos; is required by BeforeMethod on method setup but has not been marked @Optional or defined&#10;" type="org.testng.TestNGException">org.testng.TestNGException: 

Parameter 'browser' is required by BeforeMethod on method setup but has not been marked @Optional or defined

</failure>
  </testcase>
  <testcase name="loginTest" classname="com.OrangeHRM.MyInfoTests.EmergencyContactsTest" time="0">
    <skipped message="&#10;Parameter &apos;browser&apos; is required by BeforeMethod on method setup but has not been marked @Optional or defined&#10;"/>
  </testcase>
  <testcase name="tearDown" classname="com.OrangeHRM.MyInfoTests.EmergencyContactsTest" time="0">
    <skipped/>
  </testcase>
  <testcase name="setup" classname="com.OrangeHRM.MyInfoTests.ImmigrationTest" time="0.001">
    <failure message="&#10;Parameter &apos;browser&apos; is required by BeforeMethod on method setup but has not been marked @Optional or defined&#10;" type="org.testng.TestNGException">org.testng.TestNGException: 

Parameter 'browser' is required by BeforeMethod on method setup but has not been marked @Optional or defined

</failure>
  </testcase>
  <testcase name="loginTest" classname="com.OrangeHRM.MyInfoTests.ImmigrationTest" time="0">
    <skipped message="&#10;Parameter &apos;browser&apos; is required by BeforeMethod on method setup but has not been marked @Optional or defined&#10;"/>
  </testcase>
  <testcase name="tearDown" classname="com.OrangeHRM.MyInfoTests.ImmigrationTest" time="0">
    <skipped/>
  </testcase>
  <testcase name="setup" classname="com.OrangeHRM.MyInfoTests.JobTest" time="0">
    <failure message="&#10;Parameter &apos;browser&apos; is required by BeforeMethod on method setup but has not been marked @Optional or defined&#10;" type="org.testng.TestNGException">org.testng.TestNGException: 

Parameter 'browser' is required by BeforeMethod on method setup but has not been marked @Optional or defined

</failure>
  </testcase>
  <testcase name="loginTest" classname="com.OrangeHRM.MyInfoTests.JobTest" time="0">
    <skipped message="&#10;Parameter &apos;browser&apos; is required by BeforeMethod on method setup but has not been marked @Optional or defined&#10;"/>
  </testcase>
  <testcase name="tearDown" classname="com.OrangeHRM.MyInfoTests.JobTest" time="0">
    <skipped/>
  </testcase>
  <testcase name="setup" classname="com.OrangeHRM.MyInfoTests.MembershipsTest" time="0.001">
    <failure message="&#10;Parameter &apos;browser&apos; is required by BeforeMethod on method setup but has not been marked @Optional or defined&#10;" type="org.testng.TestNGException">org.testng.TestNGException: 

Parameter 'browser' is required by BeforeMethod on method setup but has not been marked @Optional or defined

</failure>
  </testcase>
  <testcase name="loginTest" classname="com.OrangeHRM.MyInfoTests.MembershipsTest" time="0">
    <skipped message="&#10;Parameter &apos;browser&apos; is required by BeforeMethod on method setup but has not been marked @Optional or defined&#10;"/>
  </testcase>
  <testcase name="tearDown" classname="com.OrangeHRM.MyInfoTests.MembershipsTest" time="0">
    <skipped/>
  </testcase>
  <testcase name="setup" classname="com.OrangeHRM.MyInfoTests.PersonalDetailsTest" time="0.001">
    <failure message="&#10;Parameter &apos;browser&apos; is required by BeforeMethod on method setup but has not been marked @Optional or defined&#10;" type="org.testng.TestNGException">org.testng.TestNGException: 

Parameter 'browser' is required by BeforeMethod on method setup but has not been marked @Optional or defined

</failure>
  </testcase>
  <testcase name="loginTest" classname="com.OrangeHRM.MyInfoTests.PersonalDetailsTest" time="0">
    <skipped message="&#10;Parameter &apos;browser&apos; is required by BeforeMethod on method setup but has not been marked @Optional or defined&#10;"/>
  </testcase>
  <testcase name="tearDown" classname="com.OrangeHRM.MyInfoTests.PersonalDetailsTest" time="0">
    <skipped/>
  </testcase>
  <testcase name="setup" classname="com.OrangeHRM.MyInfoTests.QualificationsTest" time="0">
    <failure message="&#10;Parameter &apos;browser&apos; is required by BeforeMethod on method setup but has not been marked @Optional or defined&#10;" type="org.testng.TestNGException">org.testng.TestNGException: 

Parameter 'browser' is required by BeforeMethod on method setup but has not been marked @Optional or defined

</failure>
  </testcase>
  <testcase name="loginTest" classname="com.OrangeHRM.MyInfoTests.QualificationsTest" time="0">
    <skipped message="&#10;Parameter &apos;browser&apos; is required by BeforeMethod on method setup but has not been marked @Optional or defined&#10;"/>
  </testcase>
  <testcase name="tearDown" classname="com.OrangeHRM.MyInfoTests.QualificationsTest" time="0">
    <skipped/>
  </testcase>
  <testcase name="setup" classname="com.OrangeHRM.MyInfoTests.ReporttoTest" time="0.001">
    <failure message="&#10;Parameter &apos;browser&apos; is required by BeforeMethod on method setup but has not been marked @Optional or defined&#10;" type="org.testng.TestNGException">org.testng.TestNGException: 

Parameter 'browser' is required by BeforeMethod on method setup but has not been marked @Optional or defined

</failure>
  </testcase>
  <testcase name="loginTest" classname="com.OrangeHRM.MyInfoTests.ReporttoTest" time="0">
    <skipped message="&#10;Parameter &apos;browser&apos; is required by BeforeMethod on method setup but has not been marked @Optional or defined&#10;"/>
  </testcase>
  <testcase name="tearDown" classname="com.OrangeHRM.MyInfoTests.ReporttoTest" time="0">
    <skipped/>
  </testcase>
  <testcase name="setup" classname="com.OrangeHRM.MyInfoTests.SalaryTest" time="0">
    <failure message="&#10;Parameter &apos;browser&apos; is required by BeforeMethod on method setup but has not been marked @Optional or defined&#10;" type="org.testng.TestNGException">org.testng.TestNGException: 

Parameter 'browser' is required by BeforeMethod on method setup but has not been marked @Optional or defined

</failure>
  </testcase>
  <testcase name="loginTest" classname="com.OrangeHRM.MyInfoTests.SalaryTest" time="0">
    <skipped message="&#10;Parameter &apos;browser&apos; is required by BeforeMethod on method setup but has not been marked @Optional or defined&#10;"/>
  </testcase>
  <testcase name="tearDown" classname="com.OrangeHRM.MyInfoTests.SalaryTest" time="0">
    <skipped/>
  </testcase>
  <testcase name="setup" classname="com.OrangeHRM.MyInfoTests.TaxExemptionsTest" time="0.001">
    <failure message="&#10;Parameter &apos;browser&apos; is required by BeforeMethod on method setup but has not been marked @Optional or defined&#10;" type="org.testng.TestNGException">org.testng.TestNGException: 

Parameter 'browser' is required by BeforeMethod on method setup but has not been marked @Optional or defined

</failure>
  </testcase>
  <testcase name="loginTest" classname="com.OrangeHRM.MyInfoTests.TaxExemptionsTest" time="0">
    <skipped message="&#10;Parameter &apos;browser&apos; is required by BeforeMethod on method setup but has not been marked @Optional or defined&#10;"/>
  </testcase>
  <testcase name="tearDown" classname="com.OrangeHRM.MyInfoTests.TaxExemptionsTest" time="0">
    <skipped/>
  </testcase>
  <testcase name="setup" classname="com.OrangeHRM.PIMTests.AddEmployeeTest" time="0.505">
    <failure message="&#10;Parameter &apos;browser&apos; is required by BeforeMethod on method setup but has not been marked @Optional or defined&#10;" type="org.testng.TestNGException">org.testng.TestNGException: 

Parameter 'browser' is required by BeforeMethod on method setup but has not been marked @Optional or defined

</failure>
  </testcase>
  <testcase name="setup" classname="com.OrangeHRM.PIMTests.AddEmployeeTest" time="0">
    <skipped/>
  </testcase>
  <testcase name="setup" classname="com.OrangeHRM.PIMTests.AddEmployeeTest" time="0">
    <skipped/>
  </testcase>
  <testcase name="addNewEmployee" classname="com.OrangeHRM.PIMTests.AddEmployeeTest" time="0">
    <skipped message="&#10;Parameter &apos;browser&apos; is required by BeforeMethod on method setup but has not been marked @Optional or defined&#10;"/>
  </testcase>
  <testcase name="addNewEmployee" classname="com.OrangeHRM.PIMTests.AddEmployeeTest" time="0">
    <skipped message="&#10;Parameter &apos;browser&apos; is required by BeforeMethod on method setup but has not been marked @Optional or defined&#10;"/>
  </testcase>
  <testcase name="addNewEmployee" classname="com.OrangeHRM.PIMTests.AddEmployeeTest" time="0">
    <skipped message="&#10;Parameter &apos;browser&apos; is required by BeforeMethod on method setup but has not been marked @Optional or defined&#10;"/>
  </testcase>
  <testcase name="tearDown" classname="com.OrangeHRM.PIMTests.AddEmployeeTest" time="0">
    <skipped/>
  </testcase>
  <testcase name="tearDown" classname="com.OrangeHRM.PIMTests.AddEmployeeTest" time="0">
    <skipped/>
  </testcase>
  <testcase name="tearDown" classname="com.OrangeHRM.PIMTests.AddEmployeeTest" time="0">
    <skipped/>
  </testcase>
  <testcase name="setup" classname="com.OrangeHRM.PIMTests.EmployeeList" time="0.001">
    <failure message="&#10;Parameter &apos;browser&apos; is required by BeforeMethod on method setup but has not been marked @Optional or defined&#10;" type="org.testng.TestNGException">org.testng.TestNGException: 

Parameter 'browser' is required by BeforeMethod on method setup but has not been marked @Optional or defined

</failure>
  </testcase>
  <testcase name="loginTest" classname="com.OrangeHRM.PIMTests.EmployeeList" time="0">
    <skipped message="&#10;Parameter &apos;browser&apos; is required by BeforeMethod on method setup but has not been marked @Optional or defined&#10;"/>
  </testcase>
  <testcase name="tearDown" classname="com.OrangeHRM.PIMTests.EmployeeList" time="0">
    <skipped/>
  </testcase>
  <testcase name="setup" classname="com.OrangeHRM.PIMTests.ReportsTest" time="0.001">
    <failure message="&#10;Parameter &apos;browser&apos; is required by BeforeMethod on method setup but has not been marked @Optional or defined&#10;" type="org.testng.TestNGException">org.testng.TestNGException: 

Parameter 'browser' is required by BeforeMethod on method setup but has not been marked @Optional or defined

</failure>
  </testcase>
  <testcase name="loginTest" classname="com.OrangeHRM.PIMTests.ReportsTest" time="0">
    <skipped message="&#10;Parameter &apos;browser&apos; is required by BeforeMethod on method setup but has not been marked @Optional or defined&#10;"/>
  </testcase>
  <testcase name="tearDown" classname="com.OrangeHRM.PIMTests.ReportsTest" time="0">
    <skipped/>
  </testcase>
  <testcase name="setup" classname="com.OrangeHRM.Tests.DashboardTest" time="0.003">
    <failure message="&#10;Parameter &apos;browser&apos; is required by BeforeMethod on method setup but has not been marked @Optional or defined&#10;" type="org.testng.TestNGException">org.testng.TestNGException: 

Parameter 'browser' is required by BeforeMethod on method setup but has not been marked @Optional or defined

</failure>
  </testcase>
  <testcase name="loginTest" classname="com.OrangeHRM.Tests.DashboardTest" time="0">
    <skipped message="&#10;Parameter &apos;browser&apos; is required by BeforeMethod on method setup but has not been marked @Optional or defined&#10;"/>
  </testcase>
  <testcase name="tearDown" classname="com.OrangeHRM.Tests.DashboardTest" time="0">
    <skipped/>
  </testcase>
  <testcase name="setup" classname="com.OrangeHRM.Tests.LoginTest" time="0">
    <failure message="&#10;Parameter &apos;browser&apos; is required by BeforeMethod on method setup but has not been marked @Optional or defined&#10;" type="org.testng.TestNGException">org.testng.TestNGException: 

Parameter 'browser' is required by BeforeMethod on method setup but has not been marked @Optional or defined

</failure>
  </testcase>
  <testcase name="loginTest" classname="com.OrangeHRM.Tests.LoginTest" time="0">
    <skipped message="&#10;Parameter &apos;browser&apos; is required by BeforeMethod on method setup but has not been marked @Optional or defined&#10;"/>
  </testcase>
  <testcase name="tearDown" classname="com.OrangeHRM.Tests.LoginTest" time="0">
    <skipped/>
  </testcase>
  <testcase name="afterSuite" classname="com.OrangeHRM.LeaveTests.ApplyLeaveTest" time="0">
    <skipped/>
  </testcase>
</testsuite>