<?xml version="1.0" encoding="UTF-8"?>
<testng-results ignored="0" total="1" passed="1" failed="0" skipped="0">
  <reporter-output>
  </reporter-output>
  <suite started-at="2022-12-03T23:17:28 AST" name="Suite" finished-at="2022-12-03T23:17:40 AST" duration-ms="12644">
    <groups>
    </groups>
    <test started-at="2022-12-03T23:17:28 AST" name="Test" finished-at="2022-12-03T23:17:40 AST" duration-ms="12644">
      <class name="com.OrangeHRM.Tests.LoginTest">
        <test-method is-config="true" signature="loadConfig()[pri:0, instance:com.OrangeHRM.Tests.LoginTest@4cc8eb05]" started-at="2022-12-03T23:17:27 AST" name="loadConfig" finished-at="2022-12-03T23:17:28 AST" duration-ms="272" status="PASS">
          <reporter-output>
          </reporter-output>
        </test-method> <!-- loadConfig -->
        <test-method is-config="true" signature="setup(java.lang.String)[pri:0, instance:com.OrangeHRM.Tests.LoginTest@4cc8eb05]" started-at="2022-12-03T23:17:28 AST" name="setup" finished-at="2022-12-03T23:17:35 AST" duration-ms="7641" status="PASS">
          <params>
            <param index="0">
              <value>
                <![CDATA[Chrome]]>
              </value>
            </param>
          </params>
          <reporter-output>
          </reporter-output>
        </test-method> <!-- setup -->
        <test-method signature="loginTest()[pri:0, instance:com.OrangeHRM.Tests.LoginTest@4cc8eb05]" started-at="2022-12-03T23:17:35 AST" name="loginTest" finished-at="2022-12-03T23:17:40 AST" duration-ms="4794" status="PASS">
          <reporter-output>
          </reporter-output>
        </test-method> <!-- loginTest -->
        <test-method is-config="true" signature="tearDown()[pri:0, instance:com.OrangeHRM.Tests.LoginTest@4cc8eb05]" started-at="2022-12-03T23:17:40 AST" name="tearDown" finished-at="2022-12-03T23:17:40 AST" duration-ms="193" status="PASS">
          <reporter-output>
          </reporter-output>
        </test-method> <!-- tearDown -->
        <test-method is-config="true" signature="afterSuite()[pri:0, instance:com.OrangeHRM.Tests.LoginTest@4cc8eb05]" started-at="2022-12-03T23:17:40 AST" name="afterSuite" finished-at="2022-12-03T23:17:41 AST" duration-ms="317" status="PASS">
          <reporter-output>
          </reporter-output>
        </test-method> <!-- afterSuite -->
      </class> <!-- com.OrangeHRM.Tests.LoginTest -->
    </test> <!-- Test -->
  </suite> <!-- Suite -->
</testng-results>
