<?xml version="1.0" encoding="UTF-8"?>
<testng-results ignored="0" total="3" passed="3" failed="0" skipped="0">
  <reporter-output>
  </reporter-output>
  <suite started-at="2022-12-06T09:50:23 GMT" name="Suite" finished-at="2022-12-06T09:51:31 GMT" duration-ms="67527">
    <groups>
    </groups>
    <test started-at="2022-12-06T09:50:23 GMT" name="Test" finished-at="2022-12-06T09:51:31 GMT" duration-ms="67527">
      <class name="com.OrangeHRM.PIMTests.AddEmployeeTest">
        <test-method is-config="true" signature="loadConfig()[pri:0, instance:com.OrangeHRM.PIMTests.AddEmployeeTest@51f116b8]" started-at="2022-12-06T09:50:23 GMT" name="loadConfig" finished-at="2022-12-06T09:50:23 GMT" duration-ms="220" status="PASS">
          <reporter-output>
          </reporter-output>
        </test-method> <!-- loadConfig -->
        <test-method is-config="true" signature="setup(java.lang.String)[pri:0, instance:com.OrangeHRM.PIMTests.AddEmployeeTest@51f116b8]" started-at="2022-12-06T09:50:24 GMT" name="setup" finished-at="2022-12-06T09:50:35 GMT" duration-ms="11238" status="PASS">
          <params>
            <param index="0">
              <value>
                <![CDATA[Chrome]]>
              </value>
            </param>
          </params>
          <reporter-output>
          </reporter-output>
        </test-method> <!-- setup -->
        <test-method signature="addNewEmployee(java.lang.String, java.lang.String, java.lang.String)[pri:0, instance:com.OrangeHRM.PIMTests.AddEmployeeTest@51f116b8]" started-at="2022-12-06T09:50:35 GMT" name="addNewEmployee" data-provider="AddNewEmployee" finished-at="2022-12-06T09:50:47 GMT" duration-ms="12012" status="PASS">
          <params>
            <param index="0">
              <value>
                <![CDATA[Ftest1]]>
              </value>
            </param>
            <param index="1">
              <value>
                <![CDATA[Mtest1]]>
              </value>
            </param>
            <param index="2">
              <value>
                <![CDATA[Ltest1]]>
              </value>
            </param>
          </params>
          <reporter-output>
          </reporter-output>
        </test-method> <!-- addNewEmployee -->
        <test-method is-config="true" signature="tearDown()[pri:0, instance:com.OrangeHRM.PIMTests.AddEmployeeTest@51f116b8]" started-at="2022-12-06T09:50:47 GMT" name="tearDown" finished-at="2022-12-06T09:50:48 GMT" duration-ms="1294" status="PASS">
          <reporter-output>
          </reporter-output>
        </test-method> <!-- tearDown -->
        <test-method is-config="true" signature="setup(java.lang.String)[pri:0, instance:com.OrangeHRM.PIMTests.AddEmployeeTest@51f116b8]" started-at="2022-12-06T09:50:48 GMT" name="setup" finished-at="2022-12-06T09:51:01 GMT" duration-ms="12656" status="PASS">
          <params>
            <param index="0">
              <value>
                <![CDATA[Chrome]]>
              </value>
            </param>
          </params>
          <reporter-output>
          </reporter-output>
        </test-method> <!-- setup -->
        <test-method signature="addNewEmployee(java.lang.String, java.lang.String, java.lang.String)[pri:0, instance:com.OrangeHRM.PIMTests.AddEmployeeTest@51f116b8]" started-at="2022-12-06T09:51:01 GMT" name="addNewEmployee" data-provider="AddNewEmployee" finished-at="2022-12-06T09:51:13 GMT" duration-ms="11949" status="PASS">
          <params>
            <param index="0">
              <value>
                <![CDATA[Ftest2]]>
              </value>
            </param>
            <param index="1">
              <value>
                <![CDATA[Mtest2]]>
              </value>
            </param>
            <param index="2">
              <value>
                <![CDATA[Ltest2]]>
              </value>
            </param>
          </params>
          <reporter-output>
          </reporter-output>
        </test-method> <!-- addNewEmployee -->
        <test-method is-config="true" signature="tearDown()[pri:0, instance:com.OrangeHRM.PIMTests.AddEmployeeTest@51f116b8]" started-at="2022-12-06T09:51:13 GMT" name="tearDown" finished-at="2022-12-06T09:51:14 GMT" duration-ms="1170" status="PASS">
          <reporter-output>
          </reporter-output>
        </test-method> <!-- tearDown -->
        <test-method is-config="true" signature="setup(java.lang.String)[pri:0, instance:com.OrangeHRM.PIMTests.AddEmployeeTest@51f116b8]" started-at="2022-12-06T09:51:14 GMT" name="setup" finished-at="2022-12-06T09:51:19 GMT" duration-ms="4892" status="PASS">
          <params>
            <param index="0">
              <value>
                <![CDATA[Chrome]]>
              </value>
            </param>
          </params>
          <reporter-output>
          </reporter-output>
        </test-method> <!-- setup -->
        <test-method signature="addNewEmployee(java.lang.String, java.lang.String, java.lang.String)[pri:0, instance:com.OrangeHRM.PIMTests.AddEmployeeTest@51f116b8]" started-at="2022-12-06T09:51:19 GMT" name="addNewEmployee" data-provider="AddNewEmployee" finished-at="2022-12-06T09:51:31 GMT" duration-ms="11620" status="PASS">
          <params>
            <param index="0">
              <value>
                <![CDATA[Ftest3]]>
              </value>
            </param>
            <param index="1">
              <value>
                <![CDATA[Mtest3]]>
              </value>
            </param>
            <param index="2">
              <value>
                <![CDATA[Ltest3]]>
              </value>
            </param>
          </params>
          <reporter-output>
          </reporter-output>
        </test-method> <!-- addNewEmployee -->
        <test-method is-config="true" signature="tearDown()[pri:0, instance:com.OrangeHRM.PIMTests.AddEmployeeTest@51f116b8]" started-at="2022-12-06T09:51:31 GMT" name="tearDown" finished-at="2022-12-06T09:51:31 GMT" duration-ms="240" status="PASS">
          <reporter-output>
          </reporter-output>
        </test-method> <!-- tearDown -->
        <test-method is-config="true" signature="afterSuite()[pri:0, instance:com.OrangeHRM.PIMTests.AddEmployeeTest@51f116b8]" started-at="2022-12-06T09:51:31 GMT" name="afterSuite" finished-at="2022-12-06T09:51:31 GMT" duration-ms="309" status="PASS">
          <reporter-output>
          </reporter-output>
        </test-method> <!-- afterSuite -->
      </class> <!-- com.OrangeHRM.PIMTests.AddEmployeeTest -->
    </test> <!-- Test -->
  </suite> <!-- Suite -->
</testng-results>
